<?xml version="1.0" encoding="UTF-8"?><testsuite errors="2" failures="0" name="com.serenity.tests.LoginTest" skipped="0" tests="3" time="68.15" timestamp="2020-02-17 11:23:03"><testcase classname="com.serenity.tests.LoginTest" name="Verify if the user is logged in successfuly with valid credentials"><error message="Expected condition failed: waiting for title to be &quot;JPetStore Demo&quot;. Current title: &quot;&quot; (tried for 20 second(s) with 500 milliseconds interval)" type="org.openqa.selenium.TimeoutException">Expected condition failed: waiting for title to be "JPetStore Demo". Current title: "" (tried for 20 second(s) with 500 milliseconds interval)</error><system-err>Expected condition failed: waiting for title to be "JPetStore Demo". Current title: "" (tried for 20 second(s) with 500 milliseconds interval)
com.serenity.pages.DashBoardPage.getGreetingMsg(DashBoardPage.java:31)
com.serenity.steps.PetStoreSteps._getGreetingMsg(PetStoreSteps.java:184)
com.serenity.tests.LoginTest.navigateToSignInPage(LoginTest.java:33)
</system-err></testcase><testcase classname="com.serenity.tests.LoginTest" name="Validate the error message when trying to login with invalid credentials"/><testcase classname="com.serenity.tests.LoginTest" name="Verify if the user can successfully logout"><error message="Expected condition failed: waiting for title to be &quot;JPetStore Demo&quot;. Current title: &quot;&quot; (tried for 20 second(s) with 500 milliseconds interval)" type="org.openqa.selenium.TimeoutException">Expected condition failed: waiting for title to be "JPetStore Demo". Current title: "" (tried for 20 second(s) with 500 milliseconds interval)</error><system-err>Expected condition failed: waiting for title to be "JPetStore Demo". Current title: "" (tried for 20 second(s) with 500 milliseconds interval)
com.serenity.pages.BasePage.signOut(BasePage.java:92)
com.serenity.steps.PetStoreSteps._signOut(PetStoreSteps.java:48)
com.serenity.tests.LoginTest.verifyIfTheUserCanLogout(LoginTest.java:44)
</system-err></testcase></testsuite>